#
# A fatal error has been detected by the Java Runtime Environment:
#
#  Internal Error (javaCalls.cpp:51), pid=27272, tid=0x00003b08
#  guarantee(thread->is_Java_thread()) failed: crucial check - the VM thread cannot and must not escape to Java code
#
# JRE version: Java(TM) SE Runtime Environment (8.0_271-b09) (build 1.8.0_271-b09)
# Java VM: Java HotSpot(TM) Client VM (25.271-b09 mixed mode windows-x86 )
# Failed to write core dump. Minidumps are not enabled by default on client versions of Windows
#
# If you would like to submit a bug report, please visit:
#   http://bugreport.java.com/bugreport/crash.jsp
#

---------------  T H R E A D  ---------------

Current thread (0x013a9c00):  VMThread [stack: 0x15390000,0x153e0000] [id=15112]

Stack: [0x15390000,0x153e0000],  sp=0x153ded0c,  free space=315k
Native frames: (J=compiled Java code, j=interpreted, Vv=VM code, C=native code)
V  [jvm.dll+0x1b8d2e]
V  [jvm.dll+0x1b1181]
V  [jvm.dll+0x165865]
V  [jvm.dll+0x165d9c]
V  [jvm.dll+0x236b5b]
V  [jvm.dll+0x1661a6]
V  [jvm.dll+0x1b1d87]
V  [jvm.dll+0x1b1f03]
V  [jvm.dll+0x1b1fdd]
V  [jvm.dll+0xba78a]
V  [jvm.dll+0xb61c8]
V  [jvm.dll+0xb9a15]
V  [jvm.dll+0xb79ea]
V  [jvm.dll+0xb859c]
V  [jvm.dll+0xb6e21]
V  [jvm.dll+0xb630a]
V  [jvm.dll+0x8a397]
V  [jvm.dll+0x8ad5c]
V  [jvm.dll+0xc03c7]
V  [jvm.dll+0xd37fd]
V  [jvm.dll+0x128aac]
V  [jvm.dll+0x190a19]
V  [jvm.dll+0x18f528]
V  [jvm.dll+0x18fc19]
V  [jvm.dll+0x18fed2]
V  [jvm.dll+0x1cfa9b]
C  [ucrtbase.dll+0x438df]
C  [KERNEL32.DLL+0x16359]
C  [ntdll.dll+0x68944]
C  [ntdll.dll+0x68914]

VM_Operation (0x15c1f648): GetOrSetLocal, mode: safepoint, requested by thread 0x155e5000


---------------  P R O C E S S  ---------------

Java Threads: ( => current thread )
  0x16291400 JavaThread "AsyncHttpClient-3-3" [_thread_in_native, id=15572, stack(0x1b330000,0x1b380000)]
  0x16781c00 JavaThread "AsyncHttpClient-3-2" [_thread_in_native, id=9808, stack(0x17350000,0x173a0000)]
  0x17d94c00 JavaThread "AsyncHttpClient-3-1" [_thread_in_native, id=24420, stack(0x19180000,0x191d0000)]
  0x16ed3000 JavaThread "Exec Stream Pumper" daemon [_thread_in_native, id=28796, stack(0x18ef0000,0x18f40000)]
  0x16ed2c00 JavaThread "Exec Stream Pumper" daemon [_thread_in_native, id=24384, stack(0x18e60000,0x18eb0000)]
  0x16e3bc00 JavaThread "Exec Default Executor" daemon [_thread_in_native, id=19476, stack(0x18d40000,0x18d90000)]
  0x16de2400 JavaThread "AsyncHttpClient-timer-1-1" [_thread_blocked, id=6188, stack(0x17ae0000,0x17b30000)]
  0x16469400 JavaThread "ReaderThread" [_thread_in_native, id=27156, stack(0x165c0000,0x16610000)]
  0x155f3000 JavaThread "Service Thread" daemon [_thread_blocked, id=22072, stack(0x15e10000,0x15e60000)]
  0x155f1000 JavaThread "C1 CompilerThread0" daemon [_thread_blocked, id=14256, stack(0x15d80000,0x15dd0000)]
  0x155e8000 JavaThread "JDWP Command Reader" daemon [_thread_in_native, id=22892, stack(0x15cf0000,0x15d40000)]
  0x155e6800 JavaThread "JDWP Event Helper Thread" daemon [_thread_blocked, id=280, stack(0x15c60000,0x15cb0000)]
  0x155e5000 JavaThread "JDWP Transport Listener: dt_socket" daemon [_thread_blocked, id=8672, stack(0x15bd0000,0x15c20000)]
  0x155c7800 JavaThread "Attach Listener" daemon [_thread_blocked, id=19108, stack(0x15800000,0x15850000)]
  0x155c6800 JavaThread "Signal Dispatcher" daemon [_thread_blocked, id=7256, stack(0x15770000,0x157c0000)]
  0x15596800 JavaThread "Finalizer" daemon [_thread_blocked, id=17164, stack(0x154b0000,0x15500000)]
  0x15581000 JavaThread "Reference Handler" daemon [_thread_blocked, id=7896, stack(0x15420000,0x15470000)]
  0x012f9400 JavaThread "main" [_thread_blocked, id=1436, stack(0x02c90000,0x02ce0000)]

Other Threads:
=>0x013a9c00 VMThread [stack: 0x15390000,0x153e0000] [id=15112]
  0x155f7800 WatcherThread [stack: 0x160a0000,0x160f0000] [id=24460]

VM state:at safepoint (normal execution)

VM Mutex/Monitor currently owned by a thread:  ([mutex/lock_event])
[0x012f6db8] Threads_lock - owner thread: 0x013a9c00

Heap:
 def new generation   total 7104K, used 4961K [0x04e00000, 0x055b0000, 0x0a350000)
  eden space 6336K,  70% used [0x04e00000, 0x05260c38, 0x05430000)
  from space 768K,  62% used [0x054f0000, 0x05567a70, 0x055b0000)
  to   space 768K,   0% used [0x05430000, 0x05430000, 0x054f0000)
 tenured generation   total 32100K, used 26509K [0x0a350000, 0x0c2a9000, 0x14e00000)
   the space 32100K,  82% used [0x0a350000, 0x0bd33480, 0x0bd33600, 0x0c2a9000)
 Metaspace       used 19943K, capacity 20600K, committed 20608K, reserved 20864K

Card table byte_map: [0x14e00000,0x14e90000] byte_map_base: 0x14dd9000

Polling page: 0x02ce0000

CodeCache: size=32768Kb used=2358Kb max_used=2358Kb free=30409Kb
 bounds [0x02d50000, 0x02fa0000, 0x04d50000]
 total_blobs=1338 nmethods=1108 adapters=168
 compilation: enabled

Compilation events (10 events):
Event: 411.871 Thread 0x155f1000 1125             org.slf4j.helpers.NOPLogger::isDebugEnabled (2 bytes)
Event: 411.872 Thread 0x155f1000 nmethod 1125 0x02f9cd08 code [0x02f9ce00, 0x02f9ce80]
Event: 638.472 Thread 0x155f1000 1126             org.asynchttpclient.netty.channel.DefaultChannelPool$IdleChannelDetector::run (289 bytes)
Event: 638.473 Thread 0x155f1000 nmethod 1126 0x02f9cec8 code [0x02f9d060, 0x02f9d3cc]
Event: 683.572 Thread 0x155f1000 1127             java.util.concurrent.ConcurrentLinkedDeque$Itr::nextNode (9 bytes)
Event: 683.573 Thread 0x155f1000 nmethod 1127 0x02f9d988 code [0x02f9da90, 0x02f9db5c]
Event: 683.573 Thread 0x155f1000 1128             java.util.concurrent.ConcurrentLinkedDeque::succ (19 bytes)
Event: 683.573 Thread 0x155f1000 nmethod 1128 0x02f9dc48 code [0x02f9dd50, 0x02f9de0c]
Event: 794.672 Thread 0x155f1000 1129             java.util.concurrent.ConcurrentHashMap$BaseIterator::hasNext (13 bytes)
Event: 794.672 Thread 0x155f1000 nmethod 1129 0x02f9dec8 code [0x02f9dfc0, 0x02f9e050]

GC Heap History (10 events):
Event: 4.293 GC heap before
{Heap before GC invocations=35 (full 2):
 def new generation   total 7104K, used 6336K [0x04e00000, 0x055b0000, 0x0a350000)
  eden space 6336K, 100% used [0x04e00000, 0x05430000, 0x05430000)
  from space 768K,   0% used [0x05430000, 0x05430000, 0x054f0000)
  to   space 768K,   0% used [0x054f0000, 0x054f0000, 0x055b0000)
 tenured generation   total 15712K, used 9425K [0x0a350000, 0x0b2a8000, 0x14e00000)
   the space 15712K,  59% used [0x0a350000, 0x0ac84630, 0x0ac84800, 0x0b2a8000)
 Metaspace       used 18617K, capacity 19203K, committed 19328K, reserved 19840K
Event: 4.295 GC heap after
Heap after GC invocations=36 (full 2):
 def new generation   total 7104K, used 675K [0x04e00000, 0x055b0000, 0x0a350000)
  eden space 6336K,   0% used [0x04e00000, 0x04e00000, 0x05430000)
  from space 768K,  87% used [0x054f0000, 0x05598d78, 0x055b0000)
  to   space 768K,   0% used [0x05430000, 0x05430000, 0x054f0000)
 tenured generation   total 15712K, used 9425K [0x0a350000, 0x0b2a8000, 0x14e00000)
   the space 15712K,  59% used [0x0a350000, 0x0ac84630, 0x0ac84800, 0x0b2a8000)
 Metaspace       used 18617K, capacity 19203K, committed 19328K, reserved 19840K
}
Event: 4.350 GC heap before
{Heap before GC invocations=36 (full 2):
 def new generation   total 7104K, used 7011K [0x04e00000, 0x055b0000, 0x0a350000)
  eden space 6336K, 100% used [0x04e00000, 0x05430000, 0x05430000)
  from space 768K,  87% used [0x054f0000, 0x05598d78, 0x055b0000)
  to   space 768K,   0% used [0x05430000, 0x05430000, 0x054f0000)
 tenured generation   total 15712K, used 9425K [0x0a350000, 0x0b2a8000, 0x14e00000)
   the space 15712K,  59% used [0x0a350000, 0x0ac84630, 0x0ac84800, 0x0b2a8000)
 Metaspace       used 19191K, capacity 19813K, committed 19840K, reserved 19840K
Event: 4.353 GC heap after
Heap after GC invocations=37 (full 2):
 def new generation   total 7104K, used 768K [0x04e00000, 0x055b0000, 0x0a350000)
  eden space 6336K,   0% used [0x04e00000, 0x04e00000, 0x05430000)
  from space 768K, 100% used [0x05430000, 0x054f0000, 0x054f0000)
  to   space 768K,   0% used [0x054f0000, 0x054f0000, 0x055b0000)
 tenured generation   total 15712K, used 9744K [0x0a350000, 0x0b2a8000, 0x14e00000)
   the space 15712K,  62% used [0x0a350000, 0x0acd4200, 0x0acd4200, 0x0b2a8000)
 Metaspace       used 19191K, capacity 19813K, committed 19840K, reserved 19840K
}
Event: 4.357 GC heap before
{Heap before GC invocations=37 (full 2):
 def new generation   total 7104K, used 942K [0x04e00000, 0x055b0000, 0x0a350000)
  eden space 6336K,   2% used [0x04e00000, 0x04e2b880, 0x05430000)
  from space 768K, 100% used [0x05430000, 0x054f0000, 0x054f0000)
  to   space 768K,   0% used [0x054f0000, 0x054f0000, 0x055b0000)
 tenured generation   total 15712K, used 9744K [0x0a350000, 0x0b2a8000, 0x14e00000)
   the space 15712K,  62% used [0x0a350000, 0x0acd4200, 0x0acd4200, 0x0b2a8000)
 Metaspace       used 19200K, capacity 19813K, committed 19840K, reserved 19840K
Event: 4.380 GC heap after
Heap after GC invocations=38 (full 3):
 def new generation   total 7104K, used 0K [0x04e00000, 0x055b0000, 0x0a350000)
  eden space 6336K,   0% used [0x04e00000, 0x04e00000, 0x05430000)
  from space 768K,   0% used [0x054f0000, 0x054f0000, 0x055b0000)
  to   space 768K,   0% used [0x05430000, 0x05430000, 0x054f0000)
 tenured generation   total 15712K, used 9115K [0x0a350000, 0x0b2a8000, 0x14e00000)
   the space 15712K,  58% used [0x0a350000, 0x0ac36ed0, 0x0ac37000, 0x0b2a8000)
 Metaspace       used 19200K, capacity 19813K, committed 19840K, reserved 19840K
}
Event: 9.228 GC heap before
{Heap before GC invocations=38 (full 3):
 def new generation   total 7104K, used 6336K [0x04e00000, 0x055b0000, 0x0a350000)
  eden space 6336K, 100% used [0x04e00000, 0x05430000, 0x05430000)
  from space 768K,   0% used [0x054f0000, 0x054f0000, 0x055b0000)
  to   space 768K,   0% used [0x05430000, 0x05430000, 0x054f0000)
 tenured generation   total 32100K, used 25499K [0x0a350000, 0x0c2a9000, 0x14e00000)
   the space 32100K,  79% used [0x0a350000, 0x0bc36ee0, 0x0bc37000, 0x0c2a9000)
 Metaspace       used 19689K, capacity 20314K, committed 20352K, reserved 20864K
Event: 9.230 GC heap after
Heap after GC invocations=39 (full 3):
 def new generation   total 7104K, used 768K [0x04e00000, 0x055b0000, 0x0a350000)
  eden space 6336K,   0% used [0x04e00000, 0x04e00000, 0x05430000)
  from space 768K, 100% used [0x05430000, 0x054f0000, 0x054f0000)
  to   space 768K,   0% used [0x054f0000, 0x054f0000, 0x055b0000)
 tenured generation   total 32100K, used 25877K [0x0a350000, 0x0c2a9000, 0x14e00000)
   the space 32100K,  80% used [0x0a350000, 0x0bc956d8, 0x0bc95800, 0x0c2a9000)
 Metaspace       used 19689K, capacity 20314K, committed 20352K, reserved 20864K
}
Event: 11.987 GC heap before
{Heap before GC invocations=39 (full 3):
 def new generation   total 7104K, used 7104K [0x04e00000, 0x055b0000, 0x0a350000)
  eden space 6336K, 100% used [0x04e00000, 0x05430000, 0x05430000)
  from space 768K, 100% used [0x05430000, 0x054f0000, 0x054f0000)
  to   space 768K,   0% used [0x054f0000, 0x054f0000, 0x055b0000)
 tenured generation   total 32100K, used 25877K [0x0a350000, 0x0c2a9000, 0x14e00000)
   the space 32100K,  80% used [0x0a350000, 0x0bc956d8, 0x0bc95800, 0x0c2a9000)
 Metaspace       used 19856K, capacity 20511K, committed 20608K, reserved 20864K
Event: 11.991 GC heap after
Heap after GC invocations=40 (full 3):
 def new generation   total 7104K, used 478K [0x04e00000, 0x055b0000, 0x0a350000)
  eden space 6336K,   0% used [0x04e00000, 0x04e00000, 0x05430000)
  from space 768K,  62% used [0x054f0000, 0x05567a70, 0x055b0000)
  to   space 768K,   0% used [0x05430000, 0x05430000, 0x054f0000)
 tenured generation   total 32100K, used 26509K [0x0a350000, 0x0c2a9000, 0x14e00000)
   the space 32100K,  82% used [0x0a350000, 0x0bd33480, 0x0bd33600, 0x0c2a9000)
 Metaspace       used 19856K, capacity 20511K, committed 20608K, reserved 20864K
}

Deoptimization events (0 events):
No events

Classes redefined (8 events):
Event: 115.280 Thread 0x013a9c00 redefined class name=com.CostcoTest.testCases.TC001_CostcoSearchItem, count=1
Event: 204.217 Thread 0x013a9c00 redefined class name=com.CostcoTest.testCases.TC001_CostcoSearchItem, count=2
Event: 689.524 Thread 0x013a9c00 redefined class name=com.CostcoTest.testBase.ExtentReportManager, count=1
Event: 696.957 Thread 0x013a9c00 redefined class name=com.CostcoTest.testBase.ExtentReportManager, count=2
Event: 720.500 Thread 0x013a9c00 redefined class name=com.CostcoTest.testBase.ExtentReportManager, count=3
Event: 745.586 Thread 0x013a9c00 redefined class name=com.CostcoTest.testBase.ExtentReportManager, count=4
Event: 861.321 Thread 0x013a9c00 redefined class name=com.CostcoTest.testCases.TC001_CostcoSearchItem, count=3
Event: 870.574 Thread 0x013a9c00 redefined class name=com.CostcoTest.testCases.TC001_CostcoSearchItem, count=4

Internal exceptions (10 events):
Event: 3.407 Thread 0x012f9400 Exception <a 'java/lang/NoSuchMethodError': java.lang.Object.lambda$chars$0()Ljava/util/Spliterator$OfInt;> (0x05268750) thrown at [C:\jenkins\workspace\8-2-build-windows-i586-cygwin\jdk8u271\605\hotspot\src\share\vm\interpreter\linkResolver.cpp, line 620
Event: 4.324 Thread 0x17d94c00 Exception <a 'java/lang/ArrayIndexOutOfBoundsException'> (0x05173208) thrown at [C:\jenkins\workspace\8-2-build-windows-i586-cygwin\jdk8u271\605\hotspot\src\share\vm\runtime\sharedRuntime.cpp, line 609]
Event: 4.324 Thread 0x17d94c00 Exception <a 'java/lang/ArrayIndexOutOfBoundsException'> (0x051745c8) thrown at [C:\jenkins\workspace\8-2-build-windows-i586-cygwin\jdk8u271\605\hotspot\src\share\vm\runtime\sharedRuntime.cpp, line 609]
Event: 4.325 Thread 0x17d94c00 Exception <a 'java/lang/ArrayIndexOutOfBoundsException'> (0x051778d0) thrown at [C:\jenkins\workspace\8-2-build-windows-i586-cygwin\jdk8u271\605\hotspot\src\share\vm\runtime\sharedRuntime.cpp, line 609]
Event: 4.325 Thread 0x17d94c00 Exception <a 'java/lang/ArrayIndexOutOfBoundsException'> (0x05178870) thrown at [C:\jenkins\workspace\8-2-build-windows-i586-cygwin\jdk8u271\605\hotspot\src\share\vm\runtime\sharedRuntime.cpp, line 609]
Event: 7.038 Thread 0x012f9400 Exception <a 'java/lang/NoSuchMethodError': java.lang.Object.lambda$getResponseFunction$0(Lorg/openqa/selenium/remote/InitialHandshakeResponse;)Lorg/openqa/selenium/remote/ProtocolHandshake$Result;> (0x05008f70) thrown at [C:\jenkins\workspace\8-2-build-w
Event: 7.074 Thread 0x16291400 Exception <a 'java/lang/ArrayIndexOutOfBoundsException'> (0x05335480) thrown at [C:\jenkins\workspace\8-2-build-windows-i586-cygwin\jdk8u271\605\hotspot\src\share\vm\runtime\sharedRuntime.cpp, line 609]
Event: 7.078 Thread 0x16291400 Exception <a 'java/lang/ArrayIndexOutOfBoundsException'> (0x053af058) thrown at [C:\jenkins\workspace\8-2-build-windows-i586-cygwin\jdk8u271\605\hotspot\src\share\vm\runtime\sharedRuntime.cpp, line 609]
Event: 7.078 Thread 0x16291400 Exception <a 'java/lang/ArrayIndexOutOfBoundsException'> (0x053b1810) thrown at [C:\jenkins\workspace\8-2-build-windows-i586-cygwin\jdk8u271\605\hotspot\src\share\vm\runtime\sharedRuntime.cpp, line 609]
Event: 24.177 Thread 0x012f9400 Exception <a 'java/lang/NoSuchMethodError': java.lang.Object.of(Ljava/lang/Object;)Ljava/util/stream/Stream;> (0x0519f0f8) thrown at [C:\jenkins\workspace\8-2-build-windows-i586-cygwin\jdk8u271\605\hotspot\src\share\vm\interpreter\linkResolver.cpp, line 6

Events (10 events):
Event: 889.478 Executing VM operation: GetOwnedMonitorInfo done
Event: 898.383 Executing VM operation: GetCurrentContendedMonitor
Event: 898.383 Executing VM operation: GetCurrentContendedMonitor done
Event: 898.383 Executing VM operation: GetOwnedMonitorInfo
Event: 898.384 Executing VM operation: GetOwnedMonitorInfo done
Event: 899.788 Executing VM operation: GetOwnedMonitorInfo
Event: 899.788 Executing VM operation: GetOwnedMonitorInfo done
Event: 899.789 Executing VM operation: GetCurrentContendedMonitor
Event: 899.789 Executing VM operation: GetCurrentContendedMonitor done
Event: 899.847 Executing VM operation: GetOrSetLocal


Dynamic libraries:
0x00b80000 - 0x00bbf000 	C:\Program Files (x86)\Java\jre1.8.0_271\bin\javaw.exe
0x77b60000 - 0x77cfa000 	C:\WINDOWS\SYSTEM32\ntdll.dll
0x77890000 - 0x77970000 	C:\WINDOWS\System32\KERNEL32.DLL
0x76540000 - 0x7673f000 	C:\WINDOWS\System32\KERNELBASE.dll
0x768d0000 - 0x76949000 	C:\WINDOWS\System32\ADVAPI32.dll
0x776b0000 - 0x7776f000 	C:\WINDOWS\System32\msvcrt.dll
0x77ad0000 - 0x77b46000 	C:\WINDOWS\System32\sechost.dll
0x75630000 - 0x756eb000 	C:\WINDOWS\System32\RPCRT4.dll
0x75320000 - 0x75345000 	C:\WINDOWS\System32\SspiCli.dll
0x75310000 - 0x7531a000 	C:\WINDOWS\System32\CRYPTBASE.dll
0x75370000 - 0x753d0000 	C:\WINDOWS\System32\bcryptPrimitives.dll
0x77250000 - 0x773e8000 	C:\WINDOWS\System32\USER32.dll
0x75350000 - 0x75367000 	C:\WINDOWS\System32\win32u.dll
0x77050000 - 0x77071000 	C:\WINDOWS\System32\GDI32.dll
0x77970000 - 0x77acc000 	C:\WINDOWS\System32\gdi32full.dll
0x75700000 - 0x7577c000 	C:\WINDOWS\System32\msvcp_win.dll
0x77560000 - 0x77680000 	C:\WINDOWS\System32\ucrtbase.dll
0x741d0000 - 0x743df000 	C:\WINDOWS\WinSxS\x86_microsoft.windows.common-controls_6595b64144ccf1df_6.0.18362.1256_none_e62b6e72f8da69e8\COMCTL32.dll
0x75840000 - 0x75ab6000 	C:\WINDOWS\System32\combase.dll
0x755a0000 - 0x755c5000 	C:\WINDOWS\System32\IMM32.DLL
0x51f50000 - 0x51f63000 	C:\Program Files (x86)\Java\jre1.8.0_271\bin\vcruntime140.dll
0x51ee0000 - 0x51f4f000 	C:\Program Files (x86)\Java\jre1.8.0_271\bin\msvcp140.dll
0x516b0000 - 0x51a8f000 	C:\Program Files (x86)\Java\jre1.8.0_271\bin\client\jvm.dll
0x756f0000 - 0x756f6000 	C:\WINDOWS\System32\PSAPI.DLL
0x741a0000 - 0x741a8000 	C:\WINDOWS\SYSTEM32\VERSION.dll
0x73dd0000 - 0x73dd8000 	C:\WINDOWS\SYSTEM32\WSOCK32.dll
0x6c050000 - 0x6c074000 	C:\WINDOWS\SYSTEM32\WINMM.dll
0x755d0000 - 0x7562e000 	C:\WINDOWS\System32\WS2_32.dll
0x6c020000 - 0x6c043000 	C:\WINDOWS\SYSTEM32\winmmbase.dll
0x75560000 - 0x7559b000 	C:\WINDOWS\System32\cfgmgr32.dll
0x76f60000 - 0x76f6f000 	C:\WINDOWS\System32\kernel.appcore.dll
0x516a0000 - 0x516ad000 	C:\Program Files (x86)\Java\jre1.8.0_271\bin\verify.dll
0x51670000 - 0x51694000 	C:\Program Files (x86)\Java\jre1.8.0_271\bin\java.dll
0x51eb0000 - 0x51edc000 	C:\Program Files (x86)\Java\jre1.8.0_271\bin\jdwp.dll
0x51ea0000 - 0x51ea7000 	C:\Program Files (x86)\Java\jre1.8.0_271\bin\npt.dll
0x51650000 - 0x51664000 	C:\Program Files (x86)\Java\jre1.8.0_271\bin\zip.dll
0x76950000 - 0x76ecb000 	C:\WINDOWS\System32\SHELL32.dll
0x76840000 - 0x768c4000 	C:\WINDOWS\System32\shcore.dll
0x75b20000 - 0x760e1000 	C:\WINDOWS\System32\windows.storage.dll
0x77690000 - 0x776ab000 	C:\WINDOWS\System32\profapi.dll
0x771a0000 - 0x771e3000 	C:\WINDOWS\System32\powrprof.dll
0x77780000 - 0x7778d000 	C:\WINDOWS\System32\UMPDC.dll
0x77500000 - 0x77544000 	C:\WINDOWS\System32\shlwapi.dll
0x75780000 - 0x75793000 	C:\WINDOWS\System32\cryptsp.dll
0x51e90000 - 0x51e99000 	C:\Program Files (x86)\Java\jre1.8.0_271\bin\dt_socket.dll
0x69110000 - 0x69121000 	C:\WINDOWS\system32\napinsp.dll
0x690f0000 - 0x69106000 	C:\WINDOWS\system32\pnrpnsp.dll
0x69870000 - 0x698c2000 	C:\WINDOWS\System32\mswsock.dll
0x6c420000 - 0x6c4b3000 	C:\WINDOWS\SYSTEM32\DNSAPI.dll
0x77770000 - 0x77777000 	C:\WINDOWS\System32\NSI.dll
0x74ba0000 - 0x74bd2000 	C:\WINDOWS\SYSTEM32\IPHLPAPI.DLL
0x690e0000 - 0x690eb000 	C:\WINDOWS\System32\winrnr.dll
0x690c0000 - 0x690d6000 	C:\WINDOWS\system32\NLAapi.dll
0x690b0000 - 0x690c0000 	C:\WINDOWS\system32\wshbth.dll
0x69800000 - 0x69851000 	C:\WINDOWS\System32\fwpuclnt.dll
0x77180000 - 0x77199000 	C:\WINDOWS\System32\bcrypt.dll
0x69860000 - 0x69868000 	C:\Windows\System32\rasadhlp.dll
0x51630000 - 0x51647000 	C:\Program Files (x86)\Java\jre1.8.0_271\bin\net.dll
0x51490000 - 0x514b3000 	C:\Program Files (x86)\Java\jre1.8.0_271\bin\sunec.dll
0x655d0000 - 0x655e3000 	C:\WINDOWS\SYSTEM32\dhcpcsvc6.DLL
0x6bf70000 - 0x6bf85000 	C:\WINDOWS\SYSTEM32\dhcpcsvc.DLL
0x51620000 - 0x5162f000 	C:\Program Files (x86)\Java\jre1.8.0_271\bin\nio.dll
0x74170000 - 0x7419f000 	C:\WINDOWS\system32\rsaenh.dll
0x73d60000 - 0x73d7e000 	C:\WINDOWS\SYSTEM32\USERENV.dll
0x512f0000 - 0x512fb000 	C:\Program Files (x86)\Java\jre1.8.0_271\bin\sunmscapi.dll
0x76740000 - 0x7683b000 	C:\WINDOWS\System32\CRYPT32.dll
0x77680000 - 0x7768e000 	C:\WINDOWS\System32\MSASN1.dll
0x69740000 - 0x69761000 	C:\WINDOWS\SYSTEM32\ncrypt.dll
0x69710000 - 0x69738000 	C:\WINDOWS\SYSTEM32\NTASN1.dll
0x51e80000 - 0x51e8c000 	C:\Program Files (x86)\Java\jre1.8.0_271\bin\management.dll
0x73fa0000 - 0x7412f000 	C:\WINDOWS\SYSTEM32\dbghelp.dll

VM Arguments:
jvm_args: -agentlib:jdwp=transport=dt_socket,suspend=y,address=localhost:60851 -ea -Dfile.encoding=Cp1252 
java_command: org.testng.remote.RemoteTestNG -serport 60849 -protocol json -d D:\Anilla\Training\QAJavaAutomation\CostcoTest\test-output D:\Anilla\Training\QAJavaAutomation\CostcoTest\testng.xml
java_class_path (initial): D:\Anilla\Training\Eclipse\eclipse\configuration\org.eclipse.osgi\999\0\.cp\lib\testng-remote.jar;C:\Program Files (x86)\Java\jre1.8.0_271\lib\resources.jar;C:\Program Files (x86)\Java\jre1.8.0_271\lib\rt.jar;C:\Program Files (x86)\Java\jre1.8.0_271\lib\jsse.jar;C:\Program Files (x86)\Java\jre1.8.0_271\lib\jce.jar;C:\Program Files (x86)\Java\jre1.8.0_271\lib\charsets.jar;C:\Program Files (x86)\Java\jre1.8.0_271\lib\jfr.jar;C:\Program Files (x86)\Java\jre1.8.0_271\lib\ext\access-bridge-32.jar;C:\Program Files (x86)\Java\jre1.8.0_271\lib\ext\cldrdata.jar;C:\Program Files (x86)\Java\jre1.8.0_271\lib\ext\dnsns.jar;C:\Program Files (x86)\Java\jre1.8.0_271\lib\ext\jaccess.jar;C:\Program Files (x86)\Java\jre1.8.0_271\lib\ext\jfxrt.jar;C:\Program Files (x86)\Java\jre1.8.0_271\lib\ext\localedata.jar;C:\Program Files (x86)\Java\jre1.8.0_271\lib\ext\nashorn.jar;C:\Program Files (x86)\Java\jre1.8.0_271\lib\ext\sunec.jar;C:\Program Files (x86)\Java\jre1.8.0_271\lib\ext\sunjce_provider.jar;C:\Program Files (x86)\Java\jre1.8.0_271\lib\ext\sunmscapi.jar;C:\Program Files (x86)\Java\jre1.8.0_271\lib\ext\sunpkcs11.jar;C:\Program Files (x86)\Java\jre1.8.0_271\lib\ext\zipfs.jar;D:\Anilla\Training\QAJavaAutomation\CostcoTest\target\test-classes;D:\Anilla\Training\QAJavaAutomation\CostcoTest\target\classes;C:\Users\Anisag\.m2\repository\org\seleniumhq\selenium\selenium-java\4.0.0-alpha-5\selenium-java-4.0.0-alpha-5.jar;C:\Users\Anisag\.m2\repository\org\seleniumhq\selenium\selenium-api\4.0.0-alpha-5\selenium-api-4.0.0-alpha-5.jar;C:\Users\Anisag\.m2\repository\org\seleniumhq\selenium\selenium-chrome-driver\4.0.0-alpha-5\selenium-chrome-driver-4.0.0-alpha-5.jar;C:\Users\Anisag\.m2\repository\com\google\auto\service\auto-service-annotations\1.0-rc6\auto-service-annotations-1.0-rc6.jar;C:\Users\Anisag\.m2\repository\com\google\auto\service\auto-service\1.0-rc6\auto-service-1.0-rc6.jar;C:\Users\Anisag\.m2\repository\com\google\auto\auto-common\0.10\auto-common-0.1
Launcher Type: SUN_STANDARD

Environment Variables:
JAVA_HOME=C:\Program Files (x86)\Java\jdk1.8.0_271
USERNAME=Anisag
OS=Windows_NT
PROCESSOR_IDENTIFIER=Intel64 Family 6 Model 142 Stepping 10, GenuineIntel



---------------  S Y S T E M  ---------------

OS: Windows 10.0 , 64 bit Build 18362 (10.0.18362.1110)

CPU:total 8 (initial active 8) (4 cores per cpu, 2 threads per core) family 6 model 142 stepping 10, cmov, cx8, fxsr, mmx, sse, sse2, sse3, ssse3, sse4.1, sse4.2, popcnt, avx, avx2, aes, clmul, erms, 3dnowpref, lzcnt, ht, tsc, tscinvbit, bmi1, bmi2, adx

Memory: 4k page, physical 8171964k(1280732k free), swap 17084860k(3693448k free)

vm_info: Java HotSpot(TM) Client VM (25.271-b09) for windows-x86 JRE (1.8.0_271-b09), built on Sep 17 2020 01:51:12 by "" with MS VC++ 15.9 (VS2017)

time: Wed Jan  6 19:25:39 2021
timezone: Eastern Standard Time
elapsed time: 899.895644 seconds (0d 0h 14m 59s)

